Arguments: 
  /snap/node/5485/bin/node /usr/local/bin/yarn

PATH: 
  /home/jonas/.sdkman/candidates/java/current/bin:/home/jonas/.local/bin:/usr/lib/maven/apache-maven-3.8.2/bin:/usr/local/sbin:/usr/local/bin:/usr/sbin:/usr/bin:/sbin:/bin:/usr/games:/usr/local/games:/snap/bin:/snap/bin:/home/jonas/bin:/bin:/home/jonas/Android/Sdk/emulator:/home/jonas/Android/Sdk/tools:/home/jonas/Android/Sdk/tools/bin:/home/jonas/Android/Sdk/platform-tools

Yarn version: 
  1.22.11

Node version: 
  14.18.1

Platform: 
  linux x64

Trace: 
  SyntaxError: /home/jonas/developer/mobile/englishclass/package.json: Unexpected string in JSON at position 345
      at JSON.parse (<anonymous>)
      at /usr/local/lib/node_modules/yarn/lib/cli.js:1625:59
      at Generator.next (<anonymous>)
      at step (/usr/local/lib/node_modules/yarn/lib/cli.js:310:30)
      at /usr/local/lib/node_modules/yarn/lib/cli.js:321:13

npm manifest: 
  {
    "name": "englishclass",
    "version": "0.0.1",
    "private": true,
    "scripts": {
      "android": "react-native run-android",
      "ios": "react-native run-ios",
      "start": "react-native start",
      "test": "jest",
      "lint": "eslint . --ext .js,.jsx,.ts,.tsx"
    },
    "dependencies": {
      "react": "17.0.2",
      "react-native": "0.66.2"
      "@react-native-firebase/app": "13.0.0",
      "@react-native-firebase/auth": "^13.0.0",
      "@react-native-firebase/database": "13.0.0",
      "@react-native-google-signin/google-signin": "^7.0.1",
      "@react-navigation/bottom-tabs": "^6.0.9",
      "@react-navigation/native": "^6.0.2",
      "@react-navigation/native-stack": "^6.1.0",
      "native-base": "^3.2.0",
  
  
      "react-native-safe-area-context": "^3.3.2",
      "react-native-screens": "^3.7.2",
      "react-native-svg": "^12.1.1",
      "react-native-webview": "^11.14.2",
      "styled-components": "^5.3.1",
      "styled-system": "^5.1.5"
    },
    "devDependencies": {
      "@babel/core": "^7.12.9",
      "@babel/runtime": "^7.12.5",
      "@react-native-community/eslint-config": "^2.0.0",
      "@types/jest": "^26.0.23",
      "@types/react-native": "^0.65.0",
      "@types/react-test-renderer": "^17.0.1",
      "babel-jest": "^26.6.3",
      "eslint": "^7.14.0",
      "jest": "^26.6.3",
      "metro-react-native-babel-preset": "^0.66.2",
      "react-test-renderer": "17.0.2",
      "typescript": "^3.8.3",
      "@babel/preset-env": "^7.15.6",
      "@react-native-community/cli": "^6.1.0",
      "@testing-library/jest-native": "^4.0.2",
      "@testing-library/react-native": "^7.2.0",
      "@types/react": "^17.0.24",
      "babel-plugin-module-resolver": "^4.1.0",
      "react-native-codegen": "^0.0.7",
      "react-native-eject": "^0.1.2",
      "ts-jest": "^27.0.5"
    },
    "resolutions": {
      "@types/react": "^17"
    },
    "jest": {
      "preset": "react-native",
      "moduleFileExtensions": [
        "ts",
        "tsx",
        "js",
        "jsx",
        "json",
        "node"
      ]
    }
  }

yarn manifest: 
  No manifest

Lockfile: 
  No lockfile
